
  .   ____          _            __ _ _
 /\\ / ___'_ __ _ _(_)_ __  __ _ \ \ \ \
( ( )\___ | '_ | '_| | '_ \/ _` | \ \ \ \
 \\/  ___)| |_)| | | | | || (_| |  ) ) ) )
  '  |____| .__|_| |_|_| |_\__, | / / / /
 =========|_|==============|___/=/_/_/_/
 :: Spring Boot ::        (v2.2.2.RELEASE)

2020-02-19 08:59:40.555  INFO 6941 --- [           main] r.ac.uns.ftn.bitcoin.BitcoinApplication  : No active profile set, falling back to default profiles: default
2020-02-19 08:59:48.158  INFO 6941 --- [           main] .s.d.r.c.RepositoryConfigurationDelegate : Bootstrapping Spring Data JPA repositories in DEFAULT mode.
2020-02-19 08:59:50.256  INFO 6941 --- [           main] .s.d.r.c.RepositoryConfigurationDelegate : Finished Spring Data repository scanning in 1984ms. Found 2 JPA repository interfaces.
2020-02-19 08:59:51.611  WARN 6941 --- [           main] o.s.boot.actuate.endpoint.EndpointId     : Endpoint ID 'service-registry' contains invalid characters, please migrate to a valid format.
2020-02-19 08:59:52.898  INFO 6941 --- [           main] o.s.cloud.context.scope.GenericScope     : BeanFactory id=fc2fe06d-cf89-30d3-b709-f9601ff41ccc
2020-02-19 08:59:55.334  INFO 6941 --- [           main] trationDelegate$BeanPostProcessorChecker : Bean 'org.springframework.transaction.annotation.ProxyTransactionManagementConfiguration' of type [org.springframework.transaction.annotation.ProxyTransactionManagementConfiguration] is not eligible for getting processed by all BeanPostProcessors (for example: not eligible for auto-proxying)
2020-02-19 08:59:57.624  INFO 6941 --- [           main] o.s.b.w.embedded.tomcat.TomcatWebServer  : Tomcat initialized with port(s): 8093 (http)
2020-02-19 08:59:57.706  INFO 6941 --- [           main] o.apache.catalina.core.StandardService   : Starting service [Tomcat]
2020-02-19 08:59:57.728  INFO 6941 --- [           main] org.apache.catalina.core.StandardEngine  : Starting Servlet engine: [Apache Tomcat/9.0.29]
2020-02-19 08:59:58.221  INFO 6941 --- [           main] o.a.c.c.C.[Tomcat].[localhost].[/]       : Initializing Spring embedded WebApplicationContext
2020-02-19 08:59:58.228  INFO 6941 --- [           main] o.s.web.context.ContextLoader            : Root WebApplicationContext: initialization completed in 17440 ms
2020-02-19 08:59:59.189  WARN 6941 --- [           main] c.n.c.sources.URLConfigurationSource     : No URLs will be polled as dynamic configuration sources.
2020-02-19 08:59:59.214  INFO 6941 --- [           main] c.n.c.sources.URLConfigurationSource     : To enable URLs as dynamic configuration sources, define System property archaius.configurationSource.additionalUrls or make config.properties available on classpath.
2020-02-19 08:59:59.308  INFO 6941 --- [           main] c.netflix.config.DynamicPropertyFactory  : DynamicPropertyFactory is initialized with configuration sources: com.netflix.config.ConcurrentCompositeConfiguration@69637b10
2020-02-19 09:00:03.780  INFO 6941 --- [           main] o.hibernate.jpa.internal.util.LogHelper  : HHH000204: Processing PersistenceUnitInfo [name: default]
2020-02-19 09:00:04.462  INFO 6941 --- [           main] org.hibernate.Version                    : HHH000412: Hibernate Core {5.4.9.Final}
2020-02-19 09:00:05.510  INFO 6941 --- [           main] o.hibernate.annotations.common.Version   : HCANN000001: Hibernate Commons Annotations {5.1.0.Final}
2020-02-19 09:00:06.583  INFO 6941 --- [           main] com.zaxxer.hikari.HikariDataSource       : HikariPool-1 - Starting...
2020-02-19 09:00:07.960  INFO 6941 --- [           main] com.zaxxer.hikari.HikariDataSource       : HikariPool-1 - Start completed.
2020-02-19 09:00:08.108  INFO 6941 --- [           main] org.hibernate.dialect.Dialect            : HHH000400: Using dialect: org.hibernate.dialect.MySQL8Dialect
2020-02-19 09:00:14.400  INFO 6941 --- [           main] o.h.e.t.j.p.i.JtaPlatformInitiator       : HHH000490: Using JtaPlatform implementation: [org.hibernate.engine.transaction.jta.platform.internal.NoJtaPlatform]
2020-02-19 09:00:14.444  INFO 6941 --- [           main] j.LocalContainerEntityManagerFactoryBean : Initialized JPA EntityManagerFactory for persistence unit 'default'
2020-02-19 09:00:19.315  WARN 6941 --- [           main] c.n.c.sources.URLConfigurationSource     : No URLs will be polled as dynamic configuration sources.
2020-02-19 09:00:19.316  INFO 6941 --- [           main] c.n.c.sources.URLConfigurationSource     : To enable URLs as dynamic configuration sources, define System property archaius.configurationSource.additionalUrls or make config.properties available on classpath.
2020-02-19 09:00:19.853  WARN 6941 --- [           main] JpaBaseConfiguration$JpaWebConfiguration : spring.jpa.open-in-view is enabled by default. Therefore, database queries may be performed during view rendering. Explicitly configure spring.jpa.open-in-view to disable this warning
2020-02-19 09:00:20.804  INFO 6941 --- [           main] o.s.s.concurrent.ThreadPoolTaskExecutor  : Initializing ExecutorService 'applicationTaskExecutor'
2020-02-19 09:00:22.559  WARN 6941 --- [           main] ockingLoadBalancerClientRibbonWarnLogger : You already have RibbonLoadBalancerClient on your classpath. It will be used by default. As Spring Cloud Ribbon is in maintenance mode. We recommend switching to BlockingLoadBalancerClient instead. In order to use it, set the value of `spring.cloud.loadbalancer.ribbon.enabled` to `false` or remove spring-cloud-starter-netflix-ribbon from your project.
2020-02-19 09:00:22.719  INFO 6941 --- [           main] o.s.b.a.e.web.EndpointLinksResolver      : Exposing 2 endpoint(s) beneath base path '/actuator'
2020-02-19 09:00:22.845  INFO 6941 --- [           main] o.s.c.n.eureka.InstanceInfoFactory       : Setting initial instance status as: STARTING
2020-02-19 09:00:23.094  INFO 6941 --- [           main] com.netflix.discovery.DiscoveryClient    : Initializing Eureka in region us-east-1
2020-02-19 09:00:23.452  INFO 6941 --- [           main] c.n.d.provider.DiscoveryJerseyProvider   : Using JSON encoding codec LegacyJacksonJson
2020-02-19 09:00:23.452  INFO 6941 --- [           main] c.n.d.provider.DiscoveryJerseyProvider   : Using JSON decoding codec LegacyJacksonJson
WARNING: An illegal reflective access operation has occurred
WARNING: Illegal reflective access by com.thoughtworks.xstream.core.util.Fields (jar:file:/home/antolovic/KP_SEP/KP/bitcoin/bitcoin/target/bitcoin.jar!/BOOT-INF/lib/xstream-1.4.11.1.jar!/) to field java.util.TreeMap.comparator
WARNING: Please consider reporting this to the maintainers of com.thoughtworks.xstream.core.util.Fields
WARNING: Use --illegal-access=warn to enable warnings of further illegal reflective access operations
WARNING: All illegal access operations will be denied in a future release
2020-02-19 09:00:24.168  INFO 6941 --- [           main] c.n.d.provider.DiscoveryJerseyProvider   : Using XML encoding codec XStreamXml
2020-02-19 09:00:24.168  INFO 6941 --- [           main] c.n.d.provider.DiscoveryJerseyProvider   : Using XML decoding codec XStreamXml
2020-02-19 09:00:24.604  INFO 6941 --- [           main] c.n.d.s.r.aws.ConfigClusterResolver      : Resolving eureka endpoints via configuration
2020-02-19 09:00:24.644  INFO 6941 --- [           main] com.netflix.discovery.DiscoveryClient    : Disable delta property : false
2020-02-19 09:00:24.645  INFO 6941 --- [           main] com.netflix.discovery.DiscoveryClient    : Single vip registry refresh property : null
2020-02-19 09:00:24.652  INFO 6941 --- [           main] com.netflix.discovery.DiscoveryClient    : Force full registry fetch : false
2020-02-19 09:00:24.652  INFO 6941 --- [           main] com.netflix.discovery.DiscoveryClient    : Application is null : false
2020-02-19 09:00:24.652  INFO 6941 --- [           main] com.netflix.discovery.DiscoveryClient    : Registered Applications size is zero : true
2020-02-19 09:00:24.653  INFO 6941 --- [           main] com.netflix.discovery.DiscoveryClient    : Application version is -1: true
2020-02-19 09:00:24.653  INFO 6941 --- [           main] com.netflix.discovery.DiscoveryClient    : Getting all instance registry info from the eureka server
2020-02-19 09:00:25.119  INFO 6941 --- [           main] com.netflix.discovery.DiscoveryClient    : The response status is 200
2020-02-19 09:00:25.129  INFO 6941 --- [           main] com.netflix.discovery.DiscoveryClient    : Starting heartbeat executor: renew interval is: 1
2020-02-19 09:00:25.151  INFO 6941 --- [           main] c.n.discovery.InstanceInfoReplicator     : InstanceInfoReplicator onDemand update allowed rate per min is 4
2020-02-19 09:00:25.175  INFO 6941 --- [           main] com.netflix.discovery.DiscoveryClient    : Discovery Client initialized at timestamp 1582099225173 with initial instances count: 1
2020-02-19 09:00:25.179  INFO 6941 --- [           main] o.s.c.n.e.s.EurekaServiceRegistry        : Registering application BITCOIN with eureka with status UP
2020-02-19 09:00:25.181  INFO 6941 --- [           main] com.netflix.discovery.DiscoveryClient    : Saw local status change event StatusChangeEvent [timestamp=1582099225181, current=UP, previous=STARTING]
2020-02-19 09:00:25.187  INFO 6941 --- [nfoReplicator-0] com.netflix.discovery.DiscoveryClient    : DiscoveryClient_BITCOIN/bitcoin:424f875081d9a8bf323fe38a93fe6970: registering service...
2020-02-19 09:00:25.280  INFO 6941 --- [nfoReplicator-0] com.netflix.discovery.DiscoveryClient    : DiscoveryClient_BITCOIN/bitcoin:424f875081d9a8bf323fe38a93fe6970 - registration status: 204
2020-02-19 09:00:25.343  INFO 6941 --- [           main] o.s.b.w.embedded.tomcat.TomcatWebServer  : Tomcat started on port(s): 8093 (http) with context path ''
2020-02-19 09:00:25.347  INFO 6941 --- [           main] .s.c.n.e.s.EurekaAutoServiceRegistration : Updating port to 8093
2020-02-19 09:00:25.360  INFO 6941 --- [           main] r.ac.uns.ftn.bitcoin.BitcoinApplication  : Started BitcoinApplication in 51.263 seconds (JVM running for 54.148)
2020-02-19 09:01:11.427  INFO 6941 --- [nio-8093-exec-1] o.a.c.c.C.[Tomcat].[localhost].[/]       : Initializing Spring DispatcherServlet 'dispatcherServlet'
2020-02-19 09:01:11.428  INFO 6941 --- [nio-8093-exec-1] o.s.web.servlet.DispatcherServlet        : Initializing Servlet 'dispatcherServlet'
2020-02-19 09:01:11.437  INFO 6941 --- [nio-8093-exec-1] o.s.web.servlet.DispatcherServlet        : Completed initialization in 9 ms
http://localhost:8090/api/amountandurl/366e2bb6-c747-4b53-9f9c-d1970a1c5aac
Hibernate: select seller0_.id as id1_1_, seller0_.seller_email as seller_e2_1_, seller0_.token as token3_1_ from seller seller0_ where seller0_.seller_email=?
Hibernate: select next_val as id_val from hibernate_sequence for update
Hibernate: update hibernate_sequence set next_val= ? where next_val=?
Hibernate: insert into bit_coin_payment (amount, item_id, order_id, red_url_id, redirect_url, seller_email, status, id) values (?, ?, ?, ?, ?, ?, ?, ?)
https://192.168.43.161:8771/bitcoin/api/bitcoin/payment/success/3
https://192.168.43.161:8771/bitcoin/api/bitcoin/payment/cancel/3
Hibernate: select seller0_.id as id1_1_, seller0_.seller_email as seller_e2_1_, seller0_.token as token3_1_ from seller seller0_ where seller0_.seller_email=?
Hibernate: update bit_coin_payment set amount=?, item_id=?, order_id=?, red_url_id=?, redirect_url=?, seller_email=?, status=? where id=?
2020-02-19 09:01:12.943  INFO 6941 --- [nio-8093-exec-1] r.a.u.f.b.cmrs.BitCoinPaymentController  : 2020-02-19T09:01:12.943682      Preparing payment on bitcoin microservice...
Hibernate: select bitcoinpay0_.id as id1_0_0_, bitcoinpay0_.amount as amount2_0_0_, bitcoinpay0_.item_id as item_id3_0_0_, bitcoinpay0_.order_id as order_id4_0_0_, bitcoinpay0_.red_url_id as red_url_5_0_0_, bitcoinpay0_.redirect_url as redirect6_0_0_, bitcoinpay0_.seller_email as seller_e7_0_0_, bitcoinpay0_.status as status8_0_0_ from bit_coin_payment bitcoinpay0_ where bitcoinpay0_.id=?
http://localhost:8090/api/amountandurl/366e2bb6-c747-4b53-9f9c-d1970a1c5aac
<200,https://localhost:4500/paymentresponse/success,[Vary:"Origin", "Access-Control-Request-Method", "Access-Control-Request-Headers", "Origin", "Access-Control-Request-Method", "Access-Control-Request-Headers", Content-Type:"text/plain;charset=UTF-8", Content-Length:"46", Date:"Wed, 19 Feb 2020 08:01:24 GMT", Keep-Alive:"timeout=60", Connection:"keep-alive"]>
Hibernate: select seller0_.id as id1_1_, seller0_.seller_email as seller_e2_1_, seller0_.token as token3_1_ from seller seller0_ where seller0_.seller_email=?
Hibernate: update bit_coin_payment set amount=?, item_id=?, order_id=?, red_url_id=?, redirect_url=?, seller_email=?, status=? where id=?
2020-02-19 09:01:25.226  INFO 6941 --- [nio-8093-exec-2] r.a.u.f.b.cmrs.BitCoinPaymentController  : 2020-02-19T09:01:25.216935      Successful payment with payment id: 3 on bitcoin microservice...
