
  .   ____          _            __ _ _
 /\\ / ___'_ __ _ _(_)_ __  __ _ \ \ \ \
( ( )\___ | '_ | '_| | '_ \/ _` | \ \ \ \
 \\/  ___)| |_)| | | | | || (_| |  ) ) ) )
  '  |____| .__|_| |_|_| |_\__, | / / / /
 =========|_|==============|___/=/_/_/_/
 :: Spring Boot ::        (v2.2.2.RELEASE)

2020-02-19 08:59:40.352  INFO 6948 --- [           main] r.a.u.ftn.fourthms.FourthMsApplication   : No active profile set, falling back to default profiles: default
2020-02-19 08:59:45.197  INFO 6948 --- [           main] .s.d.r.c.RepositoryConfigurationDelegate : Bootstrapping Spring Data JPA repositories in DEFAULT mode.
2020-02-19 08:59:46.967  INFO 6948 --- [           main] .s.d.r.c.RepositoryConfigurationDelegate : Finished Spring Data repository scanning in 1704ms. Found 1 JPA repository interfaces.
2020-02-19 08:59:49.545  INFO 6948 --- [           main] o.s.cloud.context.scope.GenericScope     : BeanFactory id=65bfade9-2cfa-37ae-8fd1-99bcc7c49337
2020-02-19 08:59:51.135  INFO 6948 --- [           main] trationDelegate$BeanPostProcessorChecker : Bean 'org.springframework.transaction.annotation.ProxyTransactionManagementConfiguration' of type [org.springframework.transaction.annotation.ProxyTransactionManagementConfiguration] is not eligible for getting processed by all BeanPostProcessors (for example: not eligible for auto-proxying)
2020-02-19 08:59:53.269  INFO 6948 --- [           main] o.s.b.w.embedded.tomcat.TomcatWebServer  : Tomcat initialized with port(s): 9010 (http)
2020-02-19 08:59:53.397  INFO 6948 --- [           main] o.apache.catalina.core.StandardService   : Starting service [Tomcat]
2020-02-19 08:59:53.398  INFO 6948 --- [           main] org.apache.catalina.core.StandardEngine  : Starting Servlet engine: [Apache Tomcat/9.0.29]
2020-02-19 08:59:53.954  INFO 6948 --- [           main] o.a.c.c.C.[Tomcat].[localhost].[/]       : Initializing Spring embedded WebApplicationContext
2020-02-19 08:59:53.964  INFO 6948 --- [           main] o.s.web.context.ContextLoader            : Root WebApplicationContext: initialization completed in 13455 ms
2020-02-19 08:59:56.366  INFO 6948 --- [           main] o.hibernate.jpa.internal.util.LogHelper  : HHH000204: Processing PersistenceUnitInfo [name: default]
2020-02-19 08:59:57.202  INFO 6948 --- [           main] org.hibernate.Version                    : HHH000412: Hibernate Core {5.4.9.Final}
2020-02-19 08:59:58.344  INFO 6948 --- [           main] o.hibernate.annotations.common.Version   : HCANN000001: Hibernate Commons Annotations {5.1.0.Final}
2020-02-19 08:59:59.458  INFO 6948 --- [           main] com.zaxxer.hikari.HikariDataSource       : HikariPool-1 - Starting...
2020-02-19 09:00:01.204  INFO 6948 --- [           main] com.zaxxer.hikari.HikariDataSource       : HikariPool-1 - Start completed.
2020-02-19 09:00:01.350  INFO 6948 --- [           main] org.hibernate.dialect.Dialect            : HHH000400: Using dialect: org.hibernate.dialect.MySQL8Dialect
2020-02-19 09:00:06.742  INFO 6948 --- [           main] o.h.e.t.j.p.i.JtaPlatformInitiator       : HHH000490: Using JtaPlatform implementation: [org.hibernate.engine.transaction.jta.platform.internal.NoJtaPlatform]
2020-02-19 09:00:06.783  INFO 6948 --- [           main] j.LocalContainerEntityManagerFactoryBean : Initialized JPA EntityManagerFactory for persistence unit 'default'
2020-02-19 09:00:11.542  WARN 6948 --- [           main] c.n.c.sources.URLConfigurationSource     : No URLs will be polled as dynamic configuration sources.
2020-02-19 09:00:11.552  INFO 6948 --- [           main] c.n.c.sources.URLConfigurationSource     : To enable URLs as dynamic configuration sources, define System property archaius.configurationSource.additionalUrls or make config.properties available on classpath.
2020-02-19 09:00:11.594  WARN 6948 --- [           main] c.n.c.sources.URLConfigurationSource     : No URLs will be polled as dynamic configuration sources.
2020-02-19 09:00:11.619  INFO 6948 --- [           main] c.n.c.sources.URLConfigurationSource     : To enable URLs as dynamic configuration sources, define System property archaius.configurationSource.additionalUrls or make config.properties available on classpath.
2020-02-19 09:00:12.192  WARN 6948 --- [           main] JpaBaseConfiguration$JpaWebConfiguration : spring.jpa.open-in-view is enabled by default. Therefore, database queries may be performed during view rendering. Explicitly configure spring.jpa.open-in-view to disable this warning
2020-02-19 09:00:13.269  INFO 6948 --- [           main] o.s.s.concurrent.ThreadPoolTaskExecutor  : Initializing ExecutorService 'applicationTaskExecutor'
2020-02-19 09:00:16.221  WARN 6948 --- [           main] ockingLoadBalancerClientRibbonWarnLogger : You already have RibbonLoadBalancerClient on your classpath. It will be used by default. As Spring Cloud Ribbon is in maintenance mode. We recommend switching to BlockingLoadBalancerClient instead. In order to use it, set the value of `spring.cloud.loadbalancer.ribbon.enabled` to `false` or remove spring-cloud-starter-netflix-ribbon from your project.
2020-02-19 09:00:16.660  INFO 6948 --- [           main] o.s.c.n.eureka.InstanceInfoFactory       : Setting initial instance status as: STARTING
2020-02-19 09:00:17.490  INFO 6948 --- [           main] com.netflix.discovery.DiscoveryClient    : Initializing Eureka in region us-east-1
2020-02-19 09:00:18.341  INFO 6948 --- [           main] c.n.d.provider.DiscoveryJerseyProvider   : Using JSON encoding codec LegacyJacksonJson
2020-02-19 09:00:18.349  INFO 6948 --- [           main] c.n.d.provider.DiscoveryJerseyProvider   : Using JSON decoding codec LegacyJacksonJson
WARNING: An illegal reflective access operation has occurred
WARNING: Illegal reflective access by com.thoughtworks.xstream.core.util.Fields (jar:file:/home/antolovic/KP_SEP/KP/fourth/fourth-ms/target/fourth-ms.jar!/BOOT-INF/lib/xstream-1.4.11.1.jar!/) to field java.util.TreeMap.comparator
WARNING: Please consider reporting this to the maintainers of com.thoughtworks.xstream.core.util.Fields
WARNING: Use --illegal-access=warn to enable warnings of further illegal reflective access operations
WARNING: All illegal access operations will be denied in a future release
2020-02-19 09:00:19.807  INFO 6948 --- [           main] c.n.d.provider.DiscoveryJerseyProvider   : Using XML encoding codec XStreamXml
2020-02-19 09:00:19.820  INFO 6948 --- [           main] c.n.d.provider.DiscoveryJerseyProvider   : Using XML decoding codec XStreamXml
2020-02-19 09:00:21.199  INFO 6948 --- [           main] c.n.d.s.r.aws.ConfigClusterResolver      : Resolving eureka endpoints via configuration
2020-02-19 09:00:21.431  INFO 6948 --- [           main] com.netflix.discovery.DiscoveryClient    : Disable delta property : false
2020-02-19 09:00:21.439  INFO 6948 --- [           main] com.netflix.discovery.DiscoveryClient    : Single vip registry refresh property : null
2020-02-19 09:00:21.440  INFO 6948 --- [           main] com.netflix.discovery.DiscoveryClient    : Force full registry fetch : false
2020-02-19 09:00:21.447  INFO 6948 --- [           main] com.netflix.discovery.DiscoveryClient    : Application is null : false
2020-02-19 09:00:21.447  INFO 6948 --- [           main] com.netflix.discovery.DiscoveryClient    : Registered Applications size is zero : true
2020-02-19 09:00:21.447  INFO 6948 --- [           main] com.netflix.discovery.DiscoveryClient    : Application version is -1: true
2020-02-19 09:00:21.447  INFO 6948 --- [           main] com.netflix.discovery.DiscoveryClient    : Getting all instance registry info from the eureka server
2020-02-19 09:00:22.243  INFO 6948 --- [           main] com.netflix.discovery.DiscoveryClient    : The response status is 200
2020-02-19 09:00:22.259  INFO 6948 --- [           main] com.netflix.discovery.DiscoveryClient    : Starting heartbeat executor: renew interval is: 1
2020-02-19 09:00:22.282  INFO 6948 --- [           main] c.n.discovery.InstanceInfoReplicator     : InstanceInfoReplicator onDemand update allowed rate per min is 4
2020-02-19 09:00:22.299  INFO 6948 --- [           main] com.netflix.discovery.DiscoveryClient    : Discovery Client initialized at timestamp 1582099222298 with initial instances count: 1
2020-02-19 09:00:22.341  INFO 6948 --- [           main] o.s.c.n.e.s.EurekaServiceRegistry        : Registering application FOURTH with eureka with status UP
2020-02-19 09:00:22.344  INFO 6948 --- [           main] com.netflix.discovery.DiscoveryClient    : Saw local status change event StatusChangeEvent [timestamp=1582099222343, current=UP, previous=STARTING]
2020-02-19 09:00:22.347  INFO 6948 --- [nfoReplicator-0] com.netflix.discovery.DiscoveryClient    : DiscoveryClient_FOURTH/fourth:1005a2746c9afa81ec6ef0244ad4c26a: registering service...
2020-02-19 09:00:22.620  INFO 6948 --- [nfoReplicator-0] com.netflix.discovery.DiscoveryClient    : DiscoveryClient_FOURTH/fourth:1005a2746c9afa81ec6ef0244ad4c26a - registration status: 204
2020-02-19 09:00:22.635  INFO 6948 --- [           main] o.s.b.w.embedded.tomcat.TomcatWebServer  : Tomcat started on port(s): 9010 (http) with context path ''
2020-02-19 09:00:22.636  INFO 6948 --- [           main] .s.c.n.e.s.EurekaAutoServiceRegistration : Updating port to 9010
2020-02-19 09:00:22.645  INFO 6948 --- [           main] r.a.u.ftn.fourthms.FourthMsApplication   : Started FourthMsApplication in 48.718 seconds (JVM running for 51.427)
