
  .   ____          _            __ _ _
 /\\ / ___'_ __ _ _(_)_ __  __ _ \ \ \ \
( ( )\___ | '_ | '_| | '_ \/ _` | \ \ \ \
 \\/  ___)| |_)| | | | | || (_| |  ) ) ) )
  '  |____| .__|_| |_|_| |_\__, | / / / /
 =========|_|==============|___/=/_/_/_/
 :: Spring Boot ::        (v2.2.2.RELEASE)

2020-01-29 00:06:05.938  INFO 15684 --- [           main] com.example.ncdemo.NcDemoApplication     : Starting NcDemoApplication v0.0.1-SNAPSHOT on antolovic-Lenovo-Legion-Y530-15ICH with PID 15684 (/home/antolovic/KP_SEP/KP/nc-demo/target/nc-demo.jar started by antolovic in /home/antolovic/KP_SEP/KP)
2020-01-29 00:06:05.944  INFO 15684 --- [           main] com.example.ncdemo.NcDemoApplication     : No active profile set, falling back to default profiles: default
2020-01-29 00:06:10.474  INFO 15684 --- [           main] .s.d.r.c.RepositoryConfigurationDelegate : Bootstrapping Spring Data JPA repositories in DEFAULT mode.
2020-01-29 00:06:10.713  INFO 15684 --- [           main] .s.d.r.c.RepositoryConfigurationDelegate : Finished Spring Data repository scanning in 199ms. Found 1 JPA repository interfaces.
2020-01-29 00:06:13.279  INFO 15684 --- [           main] trationDelegate$BeanPostProcessorChecker : Bean 'org.springframework.ws.config.annotation.DelegatingWsConfiguration' of type [org.springframework.ws.config.annotation.DelegatingWsConfiguration$$EnhancerBySpringCGLIB$$7590c9e2] is not eligible for getting processed by all BeanPostProcessors (for example: not eligible for auto-proxying)
2020-01-29 00:06:13.524  INFO 15684 --- [           main] .w.s.a.s.AnnotationActionEndpointMapping : Supporting [WS-Addressing August 2004, WS-Addressing 1.0]
2020-01-29 00:06:13.618  INFO 15684 --- [           main] trationDelegate$BeanPostProcessorChecker : Bean 'org.springframework.transaction.annotation.ProxyTransactionManagementConfiguration' of type [org.springframework.transaction.annotation.ProxyTransactionManagementConfiguration] is not eligible for getting processed by all BeanPostProcessors (for example: not eligible for auto-proxying)
2020-01-29 00:06:13.722  INFO 15684 --- [           main] trationDelegate$BeanPostProcessorChecker : Bean 'org.springframework.hateoas.config.HateoasConfiguration' of type [org.springframework.hateoas.config.HateoasConfiguration$$EnhancerBySpringCGLIB$$50795215] is not eligible for getting processed by all BeanPostProcessors (for example: not eligible for auto-proxying)
2020-01-29 00:06:13.820  INFO 15684 --- [           main] trationDelegate$BeanPostProcessorChecker : Bean 'relProviderPluginRegistry' of type [org.springframework.plugin.core.support.PluginRegistryFactoryBean] is not eligible for getting processed by all BeanPostProcessors (for example: not eligible for auto-proxying)
2020-01-29 00:06:13.826  INFO 15684 --- [           main] trationDelegate$BeanPostProcessorChecker : Bean 'relProviderPluginRegistry' of type [org.springframework.plugin.core.OrderAwarePluginRegistry] is not eligible for getting processed by all BeanPostProcessors (for example: not eligible for auto-proxying)
2020-01-29 00:06:13.903  INFO 15684 --- [           main] trationDelegate$BeanPostProcessorChecker : Bean '_relProvider' of type [org.springframework.hateoas.server.core.DelegatingLinkRelationProvider] is not eligible for getting processed by all BeanPostProcessors (for example: not eligible for auto-proxying)
2020-01-29 00:06:13.930  INFO 15684 --- [           main] trationDelegate$BeanPostProcessorChecker : Bean 'messageResolver' of type [org.springframework.hateoas.mediatype.MessageSourceResolver] is not eligible for getting processed by all BeanPostProcessors (for example: not eligible for auto-proxying)
2020-01-29 00:06:13.937  INFO 15684 --- [           main] trationDelegate$BeanPostProcessorChecker : Bean 'org.springframework.hateoas.mediatype.hal.HalMediaTypeConfiguration' of type [org.springframework.hateoas.mediatype.hal.HalMediaTypeConfiguration$$EnhancerBySpringCGLIB$$aa6de0ea] is not eligible for getting processed by all BeanPostProcessors (for example: not eligible for auto-proxying)
2020-01-29 00:06:13.943  INFO 15684 --- [           main] trationDelegate$BeanPostProcessorChecker : Bean 'org.springframework.boot.autoconfigure.jackson.JacksonAutoConfiguration$JacksonObjectMapperConfiguration' of type [org.springframework.boot.autoconfigure.jackson.JacksonAutoConfiguration$JacksonObjectMapperConfiguration] is not eligible for getting processed by all BeanPostProcessors (for example: not eligible for auto-proxying)
2020-01-29 00:06:13.968  INFO 15684 --- [           main] trationDelegate$BeanPostProcessorChecker : Bean 'org.springframework.boot.autoconfigure.jackson.JacksonAutoConfiguration$JacksonObjectMapperBuilderConfiguration' of type [org.springframework.boot.autoconfigure.jackson.JacksonAutoConfiguration$JacksonObjectMapperBuilderConfiguration] is not eligible for getting processed by all BeanPostProcessors (for example: not eligible for auto-proxying)
2020-01-29 00:06:13.982  INFO 15684 --- [           main] trationDelegate$BeanPostProcessorChecker : Bean 'org.springframework.boot.autoconfigure.jackson.JacksonAutoConfiguration$Jackson2ObjectMapperBuilderCustomizerConfiguration' of type [org.springframework.boot.autoconfigure.jackson.JacksonAutoConfiguration$Jackson2ObjectMapperBuilderCustomizerConfiguration] is not eligible for getting processed by all BeanPostProcessors (for example: not eligible for auto-proxying)
2020-01-29 00:06:14.097  INFO 15684 --- [           main] trationDelegate$BeanPostProcessorChecker : Bean 'spring.jackson-org.springframework.boot.autoconfigure.jackson.JacksonProperties' of type [org.springframework.boot.autoconfigure.jackson.JacksonProperties] is not eligible for getting processed by all BeanPostProcessors (for example: not eligible for auto-proxying)
2020-01-29 00:06:14.100  INFO 15684 --- [           main] trationDelegate$BeanPostProcessorChecker : Bean 'standardJacksonObjectMapperBuilderCustomizer' of type [org.springframework.boot.autoconfigure.jackson.JacksonAutoConfiguration$Jackson2ObjectMapperBuilderCustomizerConfiguration$StandardJackson2ObjectMapperBuilderCustomizer] is not eligible for getting processed by all BeanPostProcessors (for example: not eligible for auto-proxying)
2020-01-29 00:06:14.116  INFO 15684 --- [           main] trationDelegate$BeanPostProcessorChecker : Bean 'org.springframework.boot.autoconfigure.jackson.JacksonAutoConfiguration$ParameterNamesModuleConfiguration' of type [org.springframework.boot.autoconfigure.jackson.JacksonAutoConfiguration$ParameterNamesModuleConfiguration] is not eligible for getting processed by all BeanPostProcessors (for example: not eligible for auto-proxying)
2020-01-29 00:06:14.120  INFO 15684 --- [           main] trationDelegate$BeanPostProcessorChecker : Bean 'parameterNamesModule' of type [com.fasterxml.jackson.module.paramnames.ParameterNamesModule] is not eligible for getting processed by all BeanPostProcessors (for example: not eligible for auto-proxying)
2020-01-29 00:06:14.128  INFO 15684 --- [           main] trationDelegate$BeanPostProcessorChecker : Bean 'org.springframework.boot.autoconfigure.jackson.JacksonAutoConfiguration' of type [org.springframework.boot.autoconfigure.jackson.JacksonAutoConfiguration] is not eligible for getting processed by all BeanPostProcessors (for example: not eligible for auto-proxying)
2020-01-29 00:06:14.168  INFO 15684 --- [           main] trationDelegate$BeanPostProcessorChecker : Bean 'jsonComponentModule' of type [org.springframework.boot.jackson.JsonComponentModule] is not eligible for getting processed by all BeanPostProcessors (for example: not eligible for auto-proxying)
2020-01-29 00:06:14.191  INFO 15684 --- [           main] trationDelegate$BeanPostProcessorChecker : Bean 'org.springframework.data.web.config.SpringDataJacksonConfiguration' of type [org.springframework.data.web.config.SpringDataJacksonConfiguration] is not eligible for getting processed by all BeanPostProcessors (for example: not eligible for auto-proxying)
2020-01-29 00:06:14.196  INFO 15684 --- [           main] trationDelegate$BeanPostProcessorChecker : Bean 'jacksonGeoModule' of type [org.springframework.data.geo.GeoModule] is not eligible for getting processed by all BeanPostProcessors (for example: not eligible for auto-proxying)
2020-01-29 00:06:14.201  INFO 15684 --- [           main] trationDelegate$BeanPostProcessorChecker : Bean 'jacksonObjectMapperBuilder' of type [org.springframework.http.converter.json.Jackson2ObjectMapperBuilder] is not eligible for getting processed by all BeanPostProcessors (for example: not eligible for auto-proxying)
2020-01-29 00:06:14.254  INFO 15684 --- [           main] trationDelegate$BeanPostProcessorChecker : Bean 'jacksonObjectMapper' of type [com.fasterxml.jackson.databind.ObjectMapper] is not eligible for getting processed by all BeanPostProcessors (for example: not eligible for auto-proxying)
2020-01-29 00:06:14.449  INFO 15684 --- [           main] trationDelegate$BeanPostProcessorChecker : Bean 'hypermediaWebMvcConverters' of type [org.springframework.hateoas.config.WebConverters] is not eligible for getting processed by all BeanPostProcessors (for example: not eligible for auto-proxying)
2020-01-29 00:06:16.118  INFO 15684 --- [           main] o.s.b.w.embedded.tomcat.TomcatWebServer  : Tomcat initialized with port(s): 9000 (https)
2020-01-29 00:06:16.200  INFO 15684 --- [           main] o.apache.catalina.core.StandardService   : Starting service [Tomcat]
2020-01-29 00:06:16.201  INFO 15684 --- [           main] org.apache.catalina.core.StandardEngine  : Starting Servlet engine: [Apache Tomcat/9.0.29]
2020-01-29 00:06:16.512  INFO 15684 --- [           main] o.a.c.c.C.[Tomcat].[localhost].[/]       : Initializing Spring embedded WebApplicationContext
2020-01-29 00:06:16.513  INFO 15684 --- [           main] o.s.web.context.ContextLoader            : Root WebApplicationContext: initialization completed in 10189 ms
2020-01-29 00:06:18.055  INFO 15684 --- [           main] o.hibernate.jpa.internal.util.LogHelper  : HHH000204: Processing PersistenceUnitInfo [name: default]
2020-01-29 00:06:18.470  INFO 15684 --- [           main] org.hibernate.Version                    : HHH000412: Hibernate Core {5.4.9.Final}
2020-01-29 00:06:19.195  INFO 15684 --- [           main] o.hibernate.annotations.common.Version   : HCANN000001: Hibernate Commons Annotations {5.1.0.Final}
2020-01-29 00:06:19.624  INFO 15684 --- [           main] com.zaxxer.hikari.HikariDataSource       : HikariPool-1 - Starting...
2020-01-29 00:06:20.545  INFO 15684 --- [           main] com.zaxxer.hikari.HikariDataSource       : HikariPool-1 - Start completed.
2020-01-29 00:06:20.595  INFO 15684 --- [           main] org.hibernate.dialect.Dialect            : HHH000400: Using dialect: org.hibernate.dialect.MySQL8Dialect
2020-01-29 00:06:23.474  INFO 15684 --- [           main] o.h.e.t.j.p.i.JtaPlatformInitiator       : HHH000490: Using JtaPlatform implementation: [org.hibernate.engine.transaction.jta.platform.internal.NoJtaPlatform]
2020-01-29 00:06:23.497  INFO 15684 --- [           main] j.LocalContainerEntityManagerFactoryBean : Initialized JPA EntityManagerFactory for persistence unit 'default'
2020-01-29 00:06:29.081  WARN 15684 --- [           main] o.s.d.rest.webmvc.halbrowser.HalBrowser  : ---
2020-01-29 00:06:29.082  WARN 15684 --- [           main] o.s.d.rest.webmvc.halbrowser.HalBrowser  : Spring Data REST HAL Browser is deprecated! Prefer the HAL Explorer (artifactId: spring-data-rest-hal-explorer)!
2020-01-29 00:06:29.082  WARN 15684 --- [           main] o.s.d.rest.webmvc.halbrowser.HalBrowser  : ---
2020-01-29 00:06:29.410  WARN 15684 --- [           main] JpaBaseConfiguration$JpaWebConfiguration : spring.jpa.open-in-view is enabled by default. Therefore, database queries may be performed during view rendering. Explicitly configure spring.jpa.open-in-view to disable this warning
2020-01-29 00:06:30.149  INFO 15684 --- [           main] o.s.s.concurrent.ThreadPoolTaskExecutor  : Initializing ExecutorService 'applicationTaskExecutor'
2020-01-29 00:06:32.462  WARN 15684 --- [           main] org.apache.tomcat.util.net.SSLUtilBase   : jsseUtil.trustedCertNotValid
2020-01-29 00:06:32.635  INFO 15684 --- [           main] o.s.b.w.embedded.tomcat.TomcatWebServer  : Tomcat started on port(s): 9000 (https) with context path ''
2020-01-29 00:06:32.638  INFO 15684 --- [           main] com.example.ncdemo.NcDemoApplication     : Started NcDemoApplication in 29.409 seconds (JVM running for 31.831)
2020-01-29 00:08:20.070  INFO 15684 --- [nio-9000-exec-8] o.a.c.c.C.[Tomcat].[localhost].[/]       : Initializing Spring DispatcherServlet 'dispatcherServlet'
2020-01-29 00:08:20.070  INFO 15684 --- [nio-9000-exec-8] o.s.web.servlet.DispatcherServlet        : Initializing Servlet 'dispatcherServlet'
2020-01-29 00:08:20.089  INFO 15684 --- [nio-9000-exec-8] o.s.web.servlet.DispatcherServlet        : Completed initialization in 19 ms
Hibernate: select casopis0_.id as id1_0_, casopis0_.naziv as naziv2_0_, casopis0_.placen as placen3_0_, casopis0_.uuid as uuid4_0_ from casopis casopis0_ where casopis0_.uuid=?
Hibernate: update casopis set naziv=?, placen=?, uuid=? where id=?
Hibernate: select casopis0_.id as id1_0_, casopis0_.naziv as naziv2_0_, casopis0_.placen as placen3_0_, casopis0_.uuid as uuid4_0_ from casopis casopis0_ where casopis0_.uuid=?
2020-01-29 00:10:09.542  INFO 15684 --- [extShutdownHook] o.s.s.concurrent.ThreadPoolTaskExecutor  : Shutting down ExecutorService 'applicationTaskExecutor'
2020-01-29 00:10:09.546  INFO 15684 --- [extShutdownHook] j.LocalContainerEntityManagerFactoryBean : Closing JPA EntityManagerFactory for persistence unit 'default'
2020-01-29 00:10:09.552  INFO 15684 --- [extShutdownHook] com.zaxxer.hikari.HikariDataSource       : HikariPool-1 - Shutdown initiated...
2020-01-29 00:10:09.602  INFO 15684 --- [extShutdownHook] com.zaxxer.hikari.HikariDataSource       : HikariPool-1 - Shutdown completed.
