
  .   ____          _            __ _ _
 /\\ / ___'_ __ _ _(_)_ __  __ _ \ \ \ \
( ( )\___ | '_ | '_| | '_ \/ _` | \ \ \ \
 \\/  ___)| |_)| | | | | || (_| |  ) ) ) )
  '  |____| .__|_| |_|_| |_\__, | / / / /
 =========|_|==============|___/=/_/_/_/
 :: Spring Boot ::        (v2.2.2.RELEASE)

2020-01-29 20:01:36.014  INFO 5424 --- [           main] rs.ac.uns.ftn.paypal.PaypalApplication   : No active profile set, falling back to default profiles: default
2020-01-29 20:01:42.383  INFO 5424 --- [           main] .s.d.r.c.RepositoryConfigurationDelegate : Bootstrapping Spring Data JPA repositories in DEFAULT mode.
2020-01-29 20:01:43.747  INFO 5424 --- [           main] .s.d.r.c.RepositoryConfigurationDelegate : Finished Spring Data repository scanning in 1333ms. Found 2 JPA repository interfaces.
2020-01-29 20:01:44.673  WARN 5424 --- [           main] o.s.boot.actuate.endpoint.EndpointId     : Endpoint ID 'service-registry' contains invalid characters, please migrate to a valid format.
2020-01-29 20:01:45.816  INFO 5424 --- [           main] o.s.cloud.context.scope.GenericScope     : BeanFactory id=95e232e6-5660-3ad7-a656-1b9f7afe2a68
2020-01-29 20:01:47.687  INFO 5424 --- [           main] trationDelegate$BeanPostProcessorChecker : Bean 'org.springframework.transaction.annotation.ProxyTransactionManagementConfiguration' of type [org.springframework.transaction.annotation.ProxyTransactionManagementConfiguration] is not eligible for getting processed by all BeanPostProcessors (for example: not eligible for auto-proxying)
2020-01-29 20:01:49.439  INFO 5424 --- [           main] o.s.b.w.embedded.tomcat.TomcatWebServer  : Tomcat initialized with port(s): 8094 (http)
2020-01-29 20:01:49.524  INFO 5424 --- [           main] o.apache.catalina.core.StandardService   : Starting service [Tomcat]
2020-01-29 20:01:49.529  INFO 5424 --- [           main] org.apache.catalina.core.StandardEngine  : Starting Servlet engine: [Apache Tomcat/9.0.29]
2020-01-29 20:01:49.911  INFO 5424 --- [           main] o.a.c.c.C.[Tomcat].[localhost].[/]       : Initializing Spring embedded WebApplicationContext
2020-01-29 20:01:49.911  INFO 5424 --- [           main] o.s.web.context.ContextLoader            : Root WebApplicationContext: initialization completed in 13779 ms
2020-01-29 20:01:50.590  WARN 5424 --- [           main] c.n.c.sources.URLConfigurationSource     : No URLs will be polled as dynamic configuration sources.
2020-01-29 20:01:50.590  INFO 5424 --- [           main] c.n.c.sources.URLConfigurationSource     : To enable URLs as dynamic configuration sources, define System property archaius.configurationSource.additionalUrls or make config.properties available on classpath.
2020-01-29 20:01:50.648  INFO 5424 --- [           main] c.netflix.config.DynamicPropertyFactory  : DynamicPropertyFactory is initialized with configuration sources: com.netflix.config.ConcurrentCompositeConfiguration@65a4798f
2020-01-29 20:01:53.442  INFO 5424 --- [           main] o.hibernate.jpa.internal.util.LogHelper  : HHH000204: Processing PersistenceUnitInfo [name: default]
2020-01-29 20:01:53.829  INFO 5424 --- [           main] org.hibernate.Version                    : HHH000412: Hibernate Core {5.4.9.Final}
2020-01-29 20:01:54.527  INFO 5424 --- [           main] o.hibernate.annotations.common.Version   : HCANN000001: Hibernate Commons Annotations {5.1.0.Final}
2020-01-29 20:01:55.261  INFO 5424 --- [           main] com.zaxxer.hikari.HikariDataSource       : HikariPool-1 - Starting...
2020-01-29 20:01:56.363  INFO 5424 --- [           main] com.zaxxer.hikari.HikariDataSource       : HikariPool-1 - Start completed.
2020-01-29 20:01:56.429  INFO 5424 --- [           main] org.hibernate.dialect.Dialect            : HHH000400: Using dialect: org.hibernate.dialect.MySQL8Dialect
2020-01-29 20:02:00.596  INFO 5424 --- [           main] o.h.e.t.j.p.i.JtaPlatformInitiator       : HHH000490: Using JtaPlatform implementation: [org.hibernate.engine.transaction.jta.platform.internal.NoJtaPlatform]
2020-01-29 20:02:00.627  INFO 5424 --- [           main] j.LocalContainerEntityManagerFactoryBean : Initialized JPA EntityManagerFactory for persistence unit 'default'
2020-01-29 20:02:04.216  WARN 5424 --- [           main] c.n.c.sources.URLConfigurationSource     : No URLs will be polled as dynamic configuration sources.
2020-01-29 20:02:04.216  INFO 5424 --- [           main] c.n.c.sources.URLConfigurationSource     : To enable URLs as dynamic configuration sources, define System property archaius.configurationSource.additionalUrls or make config.properties available on classpath.
2020-01-29 20:02:04.572  WARN 5424 --- [           main] JpaBaseConfiguration$JpaWebConfiguration : spring.jpa.open-in-view is enabled by default. Therefore, database queries may be performed during view rendering. Explicitly configure spring.jpa.open-in-view to disable this warning
2020-01-29 20:02:05.307  INFO 5424 --- [           main] o.s.s.concurrent.ThreadPoolTaskExecutor  : Initializing ExecutorService 'applicationTaskExecutor'
2020-01-29 20:02:07.070  WARN 5424 --- [           main] ockingLoadBalancerClientRibbonWarnLogger : You already have RibbonLoadBalancerClient on your classpath. It will be used by default. As Spring Cloud Ribbon is in maintenance mode. We recommend switching to BlockingLoadBalancerClient instead. In order to use it, set the value of `spring.cloud.loadbalancer.ribbon.enabled` to `false` or remove spring-cloud-starter-netflix-ribbon from your project.
2020-01-29 20:02:07.173  INFO 5424 --- [           main] o.s.b.a.e.web.EndpointLinksResolver      : Exposing 2 endpoint(s) beneath base path '/actuator'
2020-01-29 20:02:07.356  INFO 5424 --- [           main] o.s.c.n.eureka.InstanceInfoFactory       : Setting initial instance status as: STARTING
2020-01-29 20:02:07.792  INFO 5424 --- [           main] com.netflix.discovery.DiscoveryClient    : Initializing Eureka in region us-east-1
2020-01-29 20:02:08.360  INFO 5424 --- [           main] c.n.d.provider.DiscoveryJerseyProvider   : Using JSON encoding codec LegacyJacksonJson
2020-01-29 20:02:08.360  INFO 5424 --- [           main] c.n.d.provider.DiscoveryJerseyProvider   : Using JSON decoding codec LegacyJacksonJson
WARNING: An illegal reflective access operation has occurred
WARNING: Illegal reflective access by com.thoughtworks.xstream.core.util.Fields (jar:file:/home/antolovic/KP_SEP/KP/PayPal/paypal/target/paypal.jar!/BOOT-INF/lib/xstream-1.4.11.1.jar!/) to field java.util.TreeMap.comparator
WARNING: Please consider reporting this to the maintainers of com.thoughtworks.xstream.core.util.Fields
WARNING: Use --illegal-access=warn to enable warnings of further illegal reflective access operations
WARNING: All illegal access operations will be denied in a future release
2020-01-29 20:02:09.394  INFO 5424 --- [           main] c.n.d.provider.DiscoveryJerseyProvider   : Using XML encoding codec XStreamXml
2020-01-29 20:02:09.394  INFO 5424 --- [           main] c.n.d.provider.DiscoveryJerseyProvider   : Using XML decoding codec XStreamXml
2020-01-29 20:02:10.372  INFO 5424 --- [           main] c.n.d.s.r.aws.ConfigClusterResolver      : Resolving eureka endpoints via configuration
2020-01-29 20:02:10.499  INFO 5424 --- [           main] com.netflix.discovery.DiscoveryClient    : Disable delta property : false
2020-01-29 20:02:10.499  INFO 5424 --- [           main] com.netflix.discovery.DiscoveryClient    : Single vip registry refresh property : null
2020-01-29 20:02:10.502  INFO 5424 --- [           main] com.netflix.discovery.DiscoveryClient    : Force full registry fetch : false
2020-01-29 20:02:10.502  INFO 5424 --- [           main] com.netflix.discovery.DiscoveryClient    : Application is null : false
2020-01-29 20:02:10.502  INFO 5424 --- [           main] com.netflix.discovery.DiscoveryClient    : Registered Applications size is zero : true
2020-01-29 20:02:10.502  INFO 5424 --- [           main] com.netflix.discovery.DiscoveryClient    : Application version is -1: true
2020-01-29 20:02:10.503  INFO 5424 --- [           main] com.netflix.discovery.DiscoveryClient    : Getting all instance registry info from the eureka server
2020-01-29 20:02:11.777  INFO 5424 --- [           main] com.netflix.discovery.DiscoveryClient    : The response status is 200
2020-01-29 20:02:11.823  INFO 5424 --- [           main] com.netflix.discovery.DiscoveryClient    : Starting heartbeat executor: renew interval is: 1
2020-01-29 20:02:11.858  INFO 5424 --- [           main] c.n.discovery.InstanceInfoReplicator     : InstanceInfoReplicator onDemand update allowed rate per min is 4
2020-01-29 20:02:11.888  INFO 5424 --- [           main] com.netflix.discovery.DiscoveryClient    : Discovery Client initialized at timestamp 1580324531886 with initial instances count: 1
2020-01-29 20:02:11.894  INFO 5424 --- [           main] o.s.c.n.e.s.EurekaServiceRegistry        : Registering application PAYPAL with eureka with status UP
2020-01-29 20:02:11.895  INFO 5424 --- [           main] com.netflix.discovery.DiscoveryClient    : Saw local status change event StatusChangeEvent [timestamp=1580324531895, current=UP, previous=STARTING]
2020-01-29 20:02:11.904  INFO 5424 --- [nfoReplicator-0] com.netflix.discovery.DiscoveryClient    : DiscoveryClient_PAYPAL/paypal:4347e727713b0cc860a1c32caed6a511: registering service...
2020-01-29 20:02:12.053  INFO 5424 --- [nfoReplicator-0] com.netflix.discovery.DiscoveryClient    : DiscoveryClient_PAYPAL/paypal:4347e727713b0cc860a1c32caed6a511 - registration status: 204
2020-01-29 20:02:12.230  INFO 5424 --- [           main] o.s.b.w.embedded.tomcat.TomcatWebServer  : Tomcat started on port(s): 8094 (http) with context path ''
2020-01-29 20:02:12.241  INFO 5424 --- [           main] .s.c.n.e.s.EurekaAutoServiceRegistration : Updating port to 8094
2020-01-29 20:02:12.392  INFO 5424 --- [           main] rs.ac.uns.ftn.paypal.PaypalApplication   : Started PaypalApplication in 41.079 seconds (JVM running for 43.491)
2020-01-29 20:07:10.507  INFO 5424 --- [trap-executor-0] c.n.d.s.r.aws.ConfigClusterResolver      : Resolving eureka endpoints via configuration
