
 ____                                 _         ____  ____  __  __
/ ___| __ _ _ __ ___  _   _ _ __   __| | __ _  | __ )|  _ \|  \/  |
| |   / _` | '_ ` _ \| | | | '_ \ / _` |/ _` | |  _ \| |_) | |\/| |
| |__| (_| | | | | | | |_| | | | | (_| | (_| | | |_) |  __/| |  | |
\____/\__,_|_| |_| |_|\__,_|_| |_|\__,_|\__,_| |____/|_|   |_|  |_|

  Spring-Boot:  (v2.2.2.RELEASE)
  Camunda BPM: (v7.12.0)
  Camunda BPM Spring Boot Starter: (v3.4.0)

2020-01-31 08:36:37.949  INFO 6753 --- [           main] com.example.webshop.WebshopApplication   : Starting WebshopApplication v0.0.1-SNAPSHOT on antolovic-Lenovo-Legion-Y530-15ICH with PID 6753 (/home/antolovic/KP_SEP/KP/naucna-centrala/webshop/target/webshop.jar started by antolovic in /home/antolovic/KP_SEP/KP)
2020-01-31 08:36:37.957  INFO 6753 --- [           main] com.example.webshop.WebshopApplication   : No active profile set, falling back to default profiles: default
2020-01-31 08:36:44.406  INFO 6753 --- [           main] .s.d.r.c.RepositoryConfigurationDelegate : Bootstrapping Spring Data JPA repositories in DEFAULT mode.
2020-01-31 08:36:45.191  INFO 6753 --- [           main] .s.d.r.c.RepositoryConfigurationDelegate : Finished Spring Data repository scanning in 716ms. Found 7 JPA repository interfaces.
2020-01-31 08:36:48.337  INFO 6753 --- [           main] trationDelegate$BeanPostProcessorChecker : Bean 'org.springframework.transaction.annotation.ProxyTransactionManagementConfiguration' of type [org.springframework.transaction.annotation.ProxyTransactionManagementConfiguration] is not eligible for getting processed by all BeanPostProcessors (for example: not eligible for auto-proxying)
2020-01-31 08:36:48.785  INFO 6753 --- [           main] trationDelegate$BeanPostProcessorChecker : Bean 'org.springframework.security.config.annotation.configuration.ObjectPostProcessorConfiguration' of type [org.springframework.security.config.annotation.configuration.ObjectPostProcessorConfiguration$$EnhancerBySpringCGLIB$$816c9d5f] is not eligible for getting processed by all BeanPostProcessors (for example: not eligible for auto-proxying)
2020-01-31 08:36:48.877  INFO 6753 --- [           main] trationDelegate$BeanPostProcessorChecker : Bean 'objectPostProcessor' of type [org.springframework.security.config.annotation.configuration.AutowireBeanFactoryObjectPostProcessor] is not eligible for getting processed by all BeanPostProcessors (for example: not eligible for auto-proxying)
2020-01-31 08:36:48.881  INFO 6753 --- [           main] trationDelegate$BeanPostProcessorChecker : Bean 'org.springframework.security.access.expression.method.DefaultMethodSecurityExpressionHandler@7bf3a5d8' of type [org.springframework.security.access.expression.method.DefaultMethodSecurityExpressionHandler] is not eligible for getting processed by all BeanPostProcessors (for example: not eligible for auto-proxying)
2020-01-31 08:36:48.912  INFO 6753 --- [           main] trationDelegate$BeanPostProcessorChecker : Bean 'org.springframework.security.config.annotation.method.configuration.GlobalMethodSecurityConfiguration' of type [org.springframework.security.config.annotation.method.configuration.GlobalMethodSecurityConfiguration$$EnhancerBySpringCGLIB$$a6414011] is not eligible for getting processed by all BeanPostProcessors (for example: not eligible for auto-proxying)
2020-01-31 08:36:48.940  INFO 6753 --- [           main] trationDelegate$BeanPostProcessorChecker : Bean 'methodSecurityMetadataSource' of type [org.springframework.security.access.method.DelegatingMethodSecurityMetadataSource] is not eligible for getting processed by all BeanPostProcessors (for example: not eligible for auto-proxying)
2020-01-31 08:36:51.253  INFO 6753 --- [           main] o.s.b.w.embedded.tomcat.TomcatWebServer  : Tomcat initialized with port(s): 9000 (https)
2020-01-31 08:36:51.325  INFO 6753 --- [           main] o.apache.catalina.core.StandardService   : Starting service [Tomcat]
2020-01-31 08:36:51.326  INFO 6753 --- [           main] org.apache.catalina.core.StandardEngine  : Starting Servlet engine: [Apache Tomcat/9.0.29]
2020-01-31 08:36:51.774  INFO 6753 --- [           main] o.a.c.c.C.[Tomcat].[localhost].[/]       : Initializing Spring embedded WebApplicationContext
2020-01-31 08:36:51.774  INFO 6753 --- [           main] o.s.web.context.ContextLoader            : Root WebApplicationContext: initialization completed in 13343 ms
2020-01-31 08:36:52.231  WARN 6753 --- [           main] JpaBaseConfiguration$JpaWebConfiguration : spring.jpa.open-in-view is enabled by default. Therefore, database queries may be performed during view rendering. Explicitly configure spring.jpa.open-in-view to disable this warning
2020-01-31 08:36:53.433  INFO 6753 --- [           main] o.hibernate.jpa.internal.util.LogHelper  : HHH000204: Processing PersistenceUnitInfo [name: default]
2020-01-31 08:36:54.445  INFO 6753 --- [           main] org.hibernate.Version                    : HHH000412: Hibernate Core {5.4.9.Final}
2020-01-31 08:36:56.124  INFO 6753 --- [           main] o.hibernate.annotations.common.Version   : HCANN000001: Hibernate Commons Annotations {5.1.0.Final}
2020-01-31 08:36:57.770  INFO 6753 --- [           main] com.zaxxer.hikari.HikariDataSource       : HikariPool-1 - Starting...
2020-01-31 08:36:59.199  INFO 6753 --- [           main] com.zaxxer.hikari.HikariDataSource       : HikariPool-1 - Start completed.
2020-01-31 08:36:59.344  INFO 6753 --- [           main] org.hibernate.dialect.Dialect            : HHH000400: Using dialect: org.hibernate.dialect.MySQL55Dialect
2020-01-31 08:37:07.468  INFO 6753 --- [           main] o.h.e.t.j.p.i.JtaPlatformInitiator       : HHH000490: Using JtaPlatform implementation: [org.hibernate.engine.transaction.jta.platform.internal.NoJtaPlatform]
2020-01-31 08:37:07.527  INFO 6753 --- [           main] j.LocalContainerEntityManagerFactoryBean : Initialized JPA EntityManagerFactory for persistence unit 'default'
2020-01-31 08:37:13.554  INFO 6753 --- [           main] org.camunda.bpm.spring.boot              : STARTER-SB040 Setting up jobExecutor with corePoolSize=3, maxPoolSize:10
2020-01-31 08:37:13.581  INFO 6753 --- [           main] o.s.s.concurrent.ThreadPoolTaskExecutor  : Initializing ExecutorService 'camundaTaskExecutor'
2020-01-31 08:37:13.984  INFO 6753 --- [           main] org.camunda.bpm.engine.cfg               : ENGINE-12003 Plugin 'CompositeProcessEnginePlugin[genericPropertiesConfiguration, camundaProcessEngineConfiguration, camundaDatasourceConfiguration, camundaJpaConfiguration, camundaJobConfiguration, camundaHistoryConfiguration, camundaMetricsConfiguration, camundaAuthorizationConfiguration, camundaDeploymentConfiguration, failedJobConfiguration, eventPublisherPlugin]' activated on process engine 'default'
2020-01-31 08:37:19.884  WARN 6753 --- [           main] s.b.s.c.i.DefaultDeploymentConfiguration : unable to determine if resource URL [jar:file:/home/antolovic/KP_SEP/KP/naucna-centrala/webshop/target/webshop.jar!/BOOT-INF/lib/camunda-engine-dmn-7.12.0.jar!/META-INF/maven/org.camunda.bpm.dmn/] is a deployable resource
2020-01-31 08:37:19.884  WARN 6753 --- [           main] s.b.s.c.i.DefaultDeploymentConfiguration : unable to determine if resource URL [jar:file:/home/antolovic/KP_SEP/KP/naucna-centrala/webshop/target/webshop.jar!/BOOT-INF/lib/camunda-engine-feel-api-7.12.0.jar!/META-INF/maven/org.camunda.bpm.dmn/] is a deployable resource
2020-01-31 08:37:19.884  WARN 6753 --- [           main] s.b.s.c.i.DefaultDeploymentConfiguration : unable to determine if resource URL [jar:file:/home/antolovic/KP_SEP/KP/naucna-centrala/webshop/target/webshop.jar!/BOOT-INF/lib/camunda-engine-feel-juel-7.12.0.jar!/META-INF/maven/org.camunda.bpm.dmn/] is a deployable resource
2020-01-31 08:37:19.885  INFO 6753 --- [           main] org.camunda.bpm.spring.boot              : STARTER-SB021 Auto-Deploying resources: [URL [jar:file:/home/antolovic/KP_SEP/KP/naucna-centrala/webshop/target/webshop.jar!/BOOT-INF/classes!/registracijaKorisnika.bpmn], URL [jar:file:/home/antolovic/KP_SEP/KP/naucna-centrala/webshop/target/webshop.jar!/BOOT-INF/classes!/noviCasopis.bpmn]]
2020-01-31 08:37:19.890  INFO 6753 --- [           main] o.c.b.s.b.s.event.EventPublisherPlugin   : EVENTING-001: Initialized Camunda Spring Boot Eventing Engine Plugin.
2020-01-31 08:37:19.891  INFO 6753 --- [           main] o.c.b.s.b.s.event.EventPublisherPlugin   : EVENTING-003: Task events will be published as Spring Events.
2020-01-31 08:37:19.891  INFO 6753 --- [           main] o.c.b.s.b.s.event.EventPublisherPlugin   : EVENTING-005: Execution events will be published as Spring Events.
2020-01-31 08:37:19.896  INFO 6753 --- [           main] o.c.b.s.b.s.event.EventPublisherPlugin   : EVENTING-007: History events will be published as Spring events.
WARNING: An illegal reflective access operation has occurred
WARNING: Illegal reflective access by org.apache.ibatis.reflection.Reflector (jar:file:/home/antolovic/KP_SEP/KP/naucna-centrala/webshop/target/webshop.jar!/BOOT-INF/lib/mybatis-3.4.4.jar!/) to method java.lang.Object.finalize()
WARNING: Please consider reporting this to the maintainers of org.apache.ibatis.reflection.Reflector
WARNING: Use --illegal-access=warn to enable warnings of further illegal reflective access operations
WARNING: All illegal access operations will be denied in a future release
2020-01-31 08:37:25.090  INFO 6753 --- [           main] org.camunda.bpm.engine                   : ENGINE-00001 Process Engine default created.
2020-01-31 08:37:25.983  INFO 6753 --- [           main] o.s.s.web.DefaultSecurityFilterChain     : Creating filter chain: Ant [pattern='/**', OPTIONS], []
2020-01-31 08:37:25.983  INFO 6753 --- [           main] o.s.s.web.DefaultSecurityFilterChain     : Creating filter chain: Ant [pattern='/webshop/payed/**', POST], []
2020-01-31 08:37:25.984  INFO 6753 --- [           main] o.s.s.web.DefaultSecurityFilterChain     : Creating filter chain: Ant [pattern='/webshop/payments/complete/**', POST], []
2020-01-31 08:37:25.984  INFO 6753 --- [           main] o.s.s.web.DefaultSecurityFilterChain     : Creating filter chain: Ant [pattern='/auth/login', POST], []
2020-01-31 08:37:25.984  INFO 6753 --- [           main] o.s.s.web.DefaultSecurityFilterChain     : Creating filter chain: Ant [pattern='/webshop/registration/**', POST], []
2020-01-31 08:37:25.984  INFO 6753 --- [           main] o.s.s.web.DefaultSecurityFilterChain     : Creating filter chain: Ant [pattern='/webshop/payed/**', GET], []
2020-01-31 08:37:25.984  INFO 6753 --- [           main] o.s.s.web.DefaultSecurityFilterChain     : Creating filter chain: Ant [pattern='/webshop/papers/**', GET], []
2020-01-31 08:37:25.984  INFO 6753 --- [           main] o.s.s.web.DefaultSecurityFilterChain     : Creating filter chain: Ant [pattern='/webshop/registration/**', GET], []
2020-01-31 08:37:25.984  INFO 6753 --- [           main] o.s.s.web.DefaultSecurityFilterChain     : Creating filter chain: Ant [pattern='/webshop/payments', GET], []
2020-01-31 08:37:25.984  INFO 6753 --- [           main] o.s.s.web.DefaultSecurityFilterChain     : Creating filter chain: Ant [pattern='/webshop/sciencefields', GET], []
2020-01-31 08:37:25.984  INFO 6753 --- [           main] o.s.s.web.DefaultSecurityFilterChain     : Creating filter chain: Ant [pattern='/', GET], []
2020-01-31 08:37:25.984  INFO 6753 --- [           main] o.s.s.web.DefaultSecurityFilterChain     : Creating filter chain: Ant [pattern='/images/**', GET], []
2020-01-31 08:37:25.984  INFO 6753 --- [           main] o.s.s.web.DefaultSecurityFilterChain     : Creating filter chain: Ant [pattern='/webjars/**', GET], []
2020-01-31 08:37:25.984  INFO 6753 --- [           main] o.s.s.web.DefaultSecurityFilterChain     : Creating filter chain: Ant [pattern='/*.html', GET], []
2020-01-31 08:37:25.984  INFO 6753 --- [           main] o.s.s.web.DefaultSecurityFilterChain     : Creating filter chain: Ant [pattern='/favicon.ico', GET], []
2020-01-31 08:37:25.984  INFO 6753 --- [           main] o.s.s.web.DefaultSecurityFilterChain     : Creating filter chain: Ant [pattern='/**/*.html', GET], []
2020-01-31 08:37:25.984  INFO 6753 --- [           main] o.s.s.web.DefaultSecurityFilterChain     : Creating filter chain: Ant [pattern='/**/*.css', GET], []
2020-01-31 08:37:25.984  INFO 6753 --- [           main] o.s.s.web.DefaultSecurityFilterChain     : Creating filter chain: Ant [pattern='/**/*.js', GET], []
2020-01-31 08:37:26.033  INFO 6753 --- [           main] o.s.s.web.DefaultSecurityFilterChain     : Creating filter chain: any request, [org.springframework.security.web.context.request.async.WebAsyncManagerIntegrationFilter@e62319f, org.springframework.security.web.context.SecurityContextPersistenceFilter@28fc1132, org.springframework.security.web.header.HeaderWriterFilter@4aed311e, org.springframework.security.web.authentication.logout.LogoutFilter@6986f93e, com.example.webshop.security.auth.TokenAuthenticationFilter@4d354a3e, org.springframework.security.web.savedrequest.RequestCacheAwareFilter@20440c6c, org.springframework.security.web.servletapi.SecurityContextHolderAwareRequestFilter@41e9f86, org.springframework.security.web.authentication.AnonymousAuthenticationFilter@24a0c58b, org.springframework.security.web.session.SessionManagementFilter@3e856100, org.springframework.security.web.access.ExceptionTranslationFilter@435e416c, org.springframework.security.web.access.intercept.FilterSecurityInterceptor@8e99809]
2020-01-31 08:37:26.125  INFO 6753 --- [           main] o.s.s.concurrent.ThreadPoolTaskExecutor  : Initializing ExecutorService 'applicationTaskExecutor'
2020-01-31 08:37:26.354  INFO 6753 --- [           main] o.c.b.s.b.s.w.f.LazyInitRegistration     : lazy initialized org.camunda.bpm.spring.boot.starter.webapp.filter.LazyProcessEnginesFilter@6c841199
2020-01-31 08:37:26.413  INFO 6753 --- [           main] o.c.b.s.b.s.w.f.LazyInitRegistration     : lazy initialized org.camunda.bpm.spring.boot.starter.webapp.filter.LazySecurityFilter@489091bd
2020-01-31 08:37:26.771  WARN 6753 --- [           main] org.apache.tomcat.util.net.SSLUtilBase   : jsseUtil.trustedCertNotValid
2020-01-31 08:37:26.784  INFO 6753 --- [           main] o.s.b.w.embedded.tomcat.TomcatWebServer  : Tomcat started on port(s): 9000 (https) with context path ''
2020-01-31 08:37:26.785  INFO 6753 --- [           main] com.example.webshop.WebshopApplication   : Started WebshopApplication in 52.21 seconds (JVM running for 54.843)
2020-01-31 08:37:26.787  INFO 6753 --- [           main] org.camunda.bpm.engine.jobexecutor       : ENGINE-14014 Starting up the JobExecutor[org.camunda.bpm.engine.spring.components.jobexecutor.SpringJobExecutor].
2020-01-31 08:37:26.788  INFO 6753 --- [ingJobExecutor]] org.camunda.bpm.engine.jobexecutor       : ENGINE-14018 JobExecutor[org.camunda.bpm.engine.spring.components.jobexecutor.SpringJobExecutor] starting to acquire jobs
2020-01-31 08:37:41.988  INFO 6753 --- [nio-9000-exec-6] o.a.c.c.C.[Tomcat].[localhost].[/]       : Initializing Spring DispatcherServlet 'dispatcherServlet'
2020-01-31 08:37:41.989  INFO 6753 --- [nio-9000-exec-6] o.s.web.servlet.DispatcherServlet        : Initializing Servlet 'dispatcherServlet'
2020-01-31 08:37:41.996  INFO 6753 --- [nio-9000-exec-6] o.s.web.servlet.DispatcherServlet        : Completed initialization in 7 ms
2020-01-31 08:44:52.271  INFO 6753 --- [extShutdownHook] o.s.s.concurrent.ThreadPoolTaskExecutor  : Shutting down ExecutorService 'applicationTaskExecutor'
2020-01-31 08:44:52.298  INFO 6753 --- [extShutdownHook] org.camunda.bpm.engine.jobexecutor       : ENGINE-14015 Shutting down the JobExecutor[org.camunda.bpm.engine.spring.components.jobexecutor.SpringJobExecutor]
2020-01-31 08:44:52.298  INFO 6753 --- [ingJobExecutor]] org.camunda.bpm.engine.jobexecutor       : ENGINE-14020 JobExecutor[org.camunda.bpm.engine.spring.components.jobexecutor.SpringJobExecutor] stopped job acquisition
2020-01-31 08:44:52.304  INFO 6753 --- [extShutdownHook] org.camunda.bpm.engine                   : ENGINE-00007 Process Engine default closed
2020-01-31 08:44:52.305  INFO 6753 --- [extShutdownHook] o.s.s.concurrent.ThreadPoolTaskExecutor  : Shutting down ExecutorService 'camundaTaskExecutor'
2020-01-31 08:44:52.306  INFO 6753 --- [extShutdownHook] j.LocalContainerEntityManagerFactoryBean : Closing JPA EntityManagerFactory for persistence unit 'default'
2020-01-31 08:44:52.312  INFO 6753 --- [extShutdownHook] com.zaxxer.hikari.HikariDataSource       : HikariPool-1 - Shutdown initiated...
2020-01-31 08:44:52.347  INFO 6753 --- [extShutdownHook] com.zaxxer.hikari.HikariDataSource       : HikariPool-1 - Shutdown completed.
